<?xml version="1.0" encoding="utf-8" standalone="no"?>
<!--This file represents the results of running a test suite-->
<test-results name="C:\Users\Лена\Desktop\moe_delo\ClassLibrary2\ClassLibrary2\bin\Debug\Selenium.WebDriverBackedSelenium.dll" total="0" errors="0" failures="0" not-run="0" inconclusive="0" ignored="0" skipped="0" invalid="0" date="2014-07-02" time="20:53:05">
  <environment nunit-version="2.6.3.13283" clr-version="2.0.50727.5477" os-version="Microsoft Windows NT 6.1.7601 Service Pack 1" platform="Win32NT" cwd="C:\Users\Лена\AppData\Local\Temp\Rar$EXa0.585\NUnit-2.6.3\bin" machine-name="PC" user="Лена" user-domain="PC" />
  <culture-info current-culture="ru-RU" current-uiculture="ru-RU" />
  <test-suite type="Assembly" name="C:\Users\Лена\Desktop\moe_delo\ClassLibrary2\ClassLibrary2\bin\Debug\Selenium.WebDriverBackedSelenium.dll" executed="True" result="Inconclusive" success="False" time="0.064" asserts="0" />
</test-results>